[01-30 14:59:52]: [INFO] Created column 'regdate' and set the current timestamp, 1643554792106, to all 0 rows
[01-30 14:59:52]: [INFO] SQLite Setup finished
[01-30 14:59:52]: [INFO] No supported permissions system found! Permissions are disabled!
[01-30 14:59:53]: [WARN] Could not download GeoLiteAPI database [UnknownHostException]: geolite.maxmind.com
[01-30 14:59:53]: java.net.UnknownHostException: geolite.maxmind.com
	at java.net.AbstractPlainSocketImpl.connect(Unknown Source)
	at java.net.PlainSocketImpl.connect(Unknown Source)
	at java.net.SocksSocketImpl.connect(Unknown Source)
	at java.net.Socket.connect(Unknown Source)
	at sun.net.NetworkClient.doConnect(Unknown Source)
	at sun.net.www.http.HttpClient.openServer(Unknown Source)
	at sun.net.www.http.HttpClient.openServer(Unknown Source)
	at sun.net.www.http.HttpClient.<init>(Unknown Source)
	at sun.net.www.http.HttpClient.New(Unknown Source)
	at sun.net.www.http.HttpClient.New(Unknown Source)
	at sun.net.www.protocol.http.HttpURLConnection.getNewHttpClient(Unknown Source)
	at sun.net.www.protocol.http.HttpURLConnection.plainConnect0(Unknown Source)
	at sun.net.www.protocol.http.HttpURLConnection.plainConnect(Unknown Source)
	at sun.net.www.protocol.http.HttpURLConnection.connect(Unknown Source)
	at fr.xephi.authme.service.GeoIpService$1.run(GeoIpService.java:93)
	at java.lang.Thread.run(Unknown Source)

[01-30 14:59:53]: [WARN] WARNING! The protectInventory feature requires ProtocolLib! Disabling it...
[01-30 14:59:54]: [INFO] Development builds are available on our jenkins, thanks to f14stelt.
[01-30 14:59:54]: [INFO] Do you want a good game server? Look at our sponsor GameHosting.it leader in Italy as Game Server Provider!
[01-30 14:59:54]: [INFO] AuthMe 5.4.0 build n.1877 correctly enabled!
[01-30 15:05:19]: [INFO] AuthMe 5.4.0-b1877 disabled!
[01-30 15:08:16]: [INFO] SQLite Setup finished
[01-30 15:08:16]: [INFO] No supported permissions system found! Permissions are disabled!
[01-30 15:08:17]: [WARN] Could not download GeoLiteAPI database [UnknownHostException]: geolite.maxmind.com
[01-30 15:08:17]: java.net.UnknownHostException: geolite.maxmind.com
	at java.net.AbstractPlainSocketImpl.connect(Unknown Source)
	at java.net.PlainSocketImpl.connect(Unknown Source)
	at java.net.SocksSocketImpl.connect(Unknown Source)
	at java.net.Socket.connect(Unknown Source)
	at sun.net.NetworkClient.doConnect(Unknown Source)
	at sun.net.www.http.HttpClient.openServer(Unknown Source)
	at sun.net.www.http.HttpClient.openServer(Unknown Source)
	at sun.net.www.http.HttpClient.<init>(Unknown Source)
	at sun.net.www.http.HttpClient.New(Unknown Source)
	at sun.net.www.http.HttpClient.New(Unknown Source)
	at sun.net.www.protocol.http.HttpURLConnection.getNewHttpClient(Unknown Source)
	at sun.net.www.protocol.http.HttpURLConnection.plainConnect0(Unknown Source)
	at sun.net.www.protocol.http.HttpURLConnection.plainConnect(Unknown Source)
	at sun.net.www.protocol.http.HttpURLConnection.connect(Unknown Source)
	at fr.xephi.authme.service.GeoIpService$1.run(GeoIpService.java:93)
	at java.lang.Thread.run(Unknown Source)

[01-30 15:08:17]: [WARN] WARNING! The protectInventory feature requires ProtocolLib! Disabling it...
[01-30 15:08:18]: [INFO] Development builds are available on our jenkins, thanks to f14stelt.
[01-30 15:08:18]: [INFO] Do you want a good game server? Look at our sponsor GameHosting.it leader in Italy as Game Server Provider!
[01-30 15:08:18]: [INFO] AuthMe 5.4.0 build n.1877 correctly enabled!
[01-30 15:11:10]: [FINE] Wodjess registered 188.124.123.234
[01-30 15:11:10]: [FINE] Wodjess logged in!
[01-30 18:15:36]: [INFO] AuthMe 5.4.0-b1877 disabled!
[01-30 18:28:53]: [INFO] SQLite Setup finished
[01-30 18:28:57]: [INFO] No supported permissions system found! Permissions are disabled!
[01-30 18:28:58]: [WARN] Could not download GeoLiteAPI database [UnknownHostException]: geolite.maxmind.com
[01-30 18:28:58]: java.net.UnknownHostException: geolite.maxmind.com
	at java.net.AbstractPlainSocketImpl.connect(Unknown Source)
	at java.net.PlainSocketImpl.connect(Unknown Source)
	at java.net.SocksSocketImpl.connect(Unknown Source)
	at java.net.Socket.connect(Unknown Source)
	at sun.net.NetworkClient.doConnect(Unknown Source)
	at sun.net.www.http.HttpClient.openServer(Unknown Source)
	at sun.net.www.http.HttpClient.openServer(Unknown Source)
	at sun.net.www.http.HttpClient.<init>(Unknown Source)
	at sun.net.www.http.HttpClient.New(Unknown Source)
	at sun.net.www.http.HttpClient.New(Unknown Source)
	at sun.net.www.protocol.http.HttpURLConnection.getNewHttpClient(Unknown Source)
	at sun.net.www.protocol.http.HttpURLConnection.plainConnect0(Unknown Source)
	at sun.net.www.protocol.http.HttpURLConnection.plainConnect(Unknown Source)
	at sun.net.www.protocol.http.HttpURLConnection.connect(Unknown Source)
	at fr.xephi.authme.service.GeoIpService$1.run(GeoIpService.java:93)
	at java.lang.Thread.run(Unknown Source)

[01-30 18:28:58]: [WARN] WARNING! The protectInventory feature requires ProtocolLib! Disabling it...
[01-30 18:28:58]: [INFO] Development builds are available on our jenkins, thanks to f14stelt.
[01-30 18:28:58]: [INFO] Do you want a good game server? Look at our sponsor GameHosting.it leader in Italy as Game Server Provider!
[01-30 18:28:58]: [INFO] AuthMe 5.4.0 build n.1877 correctly enabled!
[01-30 18:29:03]: [INFO] AuthMe 5.4.0-b1877 disabled!
[01-30 18:30:23]: [INFO] SQLite Setup finished
[01-30 18:30:23]: [INFO] No supported permissions system found! Permissions are disabled!
[01-30 18:30:24]: [WARN] Could not download GeoLiteAPI database [UnknownHostException]: geolite.maxmind.com
[01-30 18:30:24]: [WARN] WARNING! The protectInventory feature requires ProtocolLib! Disabling it...
[01-30 18:30:24]: java.net.UnknownHostException: geolite.maxmind.com
	at java.net.AbstractPlainSocketImpl.connect(Unknown Source)
	at java.net.PlainSocketImpl.connect(Unknown Source)
	at java.net.SocksSocketImpl.connect(Unknown Source)
	at java.net.Socket.connect(Unknown Source)
	at sun.net.NetworkClient.doConnect(Unknown Source)
	at sun.net.www.http.HttpClient.openServer(Unknown Source)
	at sun.net.www.http.HttpClient.openServer(Unknown Source)
	at sun.net.www.http.HttpClient.<init>(Unknown Source)
	at sun.net.www.http.HttpClient.New(Unknown Source)
	at sun.net.www.http.HttpClient.New(Unknown Source)
	at sun.net.www.protocol.http.HttpURLConnection.getNewHttpClient(Unknown Source)
	at sun.net.www.protocol.http.HttpURLConnection.plainConnect0(Unknown Source)
	at sun.net.www.protocol.http.HttpURLConnection.plainConnect(Unknown Source)
	at sun.net.www.protocol.http.HttpURLConnection.connect(Unknown Source)
	at fr.xephi.authme.service.GeoIpService$1.run(GeoIpService.java:93)
	at java.lang.Thread.run(Unknown Source)

[01-30 18:30:25]: [INFO] Development builds are available on our jenkins, thanks to f14stelt.
[01-30 18:30:25]: [INFO] Do you want a good game server? Look at our sponsor GameHosting.it leader in Italy as Game Server Provider!
[01-30 18:30:25]: [INFO] AuthMe 5.4.0 build n.1877 correctly enabled!
[01-30 18:30:41]: [INFO] AuthMe 5.4.0-b1877 disabled!
[01-30 18:31:15]: [INFO] SQLite Setup finished
[01-30 18:31:15]: [INFO] No supported permissions system found! Permissions are disabled!
[01-30 18:31:16]: [WARN] Could not download GeoLiteAPI database [UnknownHostException]: geolite.maxmind.com
[01-30 18:31:16]: java.net.UnknownHostException: geolite.maxmind.com
	at java.net.AbstractPlainSocketImpl.connect(Unknown Source)
	at java.net.PlainSocketImpl.connect(Unknown Source)
	at java.net.SocksSocketImpl.connect(Unknown Source)
	at java.net.Socket.connect(Unknown Source)
	at sun.net.NetworkClient.doConnect(Unknown Source)
	at sun.net.www.http.HttpClient.openServer(Unknown Source)
	at sun.net.www.http.HttpClient.openServer(Unknown Source)
	at sun.net.www.http.HttpClient.<init>(Unknown Source)
	at sun.net.www.http.HttpClient.New(Unknown Source)
	at sun.net.www.http.HttpClient.New(Unknown Source)
	at sun.net.www.protocol.http.HttpURLConnection.getNewHttpClient(Unknown Source)
	at sun.net.www.protocol.http.HttpURLConnection.plainConnect0(Unknown Source)
	at sun.net.www.protocol.http.HttpURLConnection.plainConnect(Unknown Source)
	at sun.net.www.protocol.http.HttpURLConnection.connect(Unknown Source)
	at fr.xephi.authme.service.GeoIpService$1.run(GeoIpService.java:93)
	at java.lang.Thread.run(Unknown Source)

[01-30 18:31:16]: [WARN] WARNING! The protectInventory feature requires ProtocolLib! Disabling it...
[01-30 18:31:16]: [INFO] Development builds are available on our jenkins, thanks to f14stelt.
[01-30 18:31:16]: [INFO] Do you want a good game server? Look at our sponsor GameHosting.it leader in Italy as Game Server Provider!
[01-30 18:31:16]: [INFO] AuthMe 5.4.0 build n.1877 correctly enabled!
[01-30 18:31:21]: [INFO] AuthMe 5.4.0-b1877 disabled!
[01-30 18:32:35]: [INFO] SQLite Setup finished
[01-30 18:32:36]: [INFO] No supported permissions system found! Permissions are disabled!
[01-30 18:32:36]: [WARN] Could not download GeoLiteAPI database [UnknownHostException]: geolite.maxmind.com
[01-30 18:32:36]: java.net.UnknownHostException: geolite.maxmind.com
	at java.net.AbstractPlainSocketImpl.connect(Unknown Source)
	at java.net.PlainSocketImpl.connect(Unknown Source)
	at java.net.SocksSocketImpl.connect(Unknown Source)
	at java.net.Socket.connect(Unknown Source)
	at sun.net.NetworkClient.doConnect(Unknown Source)
	at sun.net.www.http.HttpClient.openServer(Unknown Source)
	at sun.net.www.http.HttpClient.openServer(Unknown Source)
	at sun.net.www.http.HttpClient.<init>(Unknown Source)
	at sun.net.www.http.HttpClient.New(Unknown Source)
	at sun.net.www.http.HttpClient.New(Unknown Source)
	at sun.net.www.protocol.http.HttpURLConnection.getNewHttpClient(Unknown Source)
	at sun.net.www.protocol.http.HttpURLConnection.plainConnect0(Unknown Source)
	at sun.net.www.protocol.http.HttpURLConnection.plainConnect(Unknown Source)
	at sun.net.www.protocol.http.HttpURLConnection.connect(Unknown Source)
	at fr.xephi.authme.service.GeoIpService$1.run(GeoIpService.java:93)
	at java.lang.Thread.run(Unknown Source)

[01-30 18:32:37]: [WARN] WARNING! The protectInventory feature requires ProtocolLib! Disabling it...
[01-30 18:32:37]: [INFO] Development builds are available on our jenkins, thanks to f14stelt.
[01-30 18:32:37]: [INFO] Do you want a good game server? Look at our sponsor GameHosting.it leader in Italy as Game Server Provider!
[01-30 18:32:37]: [INFO] AuthMe 5.4.0 build n.1877 correctly enabled!
[01-30 18:38:13]: [FINE] Wodjess logged in!
[01-30 18:41:55]: [FINE] Wodjess logged in!
[01-31 19:35:22]: [FINE] Wodjess logged in!
[01-31 19:53:51]: [FINE] Wodjess logged in!
[02-02 20:00:28]: [FINE] Wodjess logged in!
[02-03 18:31:28]: [INFO] AuthMe 5.4.0-b1877 disabled!
[02-03 18:32:21]: [INFO] SQLite Setup finished
[02-03 18:32:22]: [INFO] No supported permissions system found! Permissions are disabled!
[02-03 18:32:22]: [WARN] Could not download GeoLiteAPI database [UnknownHostException]: geolite.maxmind.com
[02-03 18:32:22]: java.net.UnknownHostException: geolite.maxmind.com
	at java.net.AbstractPlainSocketImpl.connect(Unknown Source)
	at java.net.PlainSocketImpl.connect(Unknown Source)
	at java.net.SocksSocketImpl.connect(Unknown Source)
	at java.net.Socket.connect(Unknown Source)
	at sun.net.NetworkClient.doConnect(Unknown Source)
	at sun.net.www.http.HttpClient.openServer(Unknown Source)
	at sun.net.www.http.HttpClient.openServer(Unknown Source)
	at sun.net.www.http.HttpClient.<init>(Unknown Source)
	at sun.net.www.http.HttpClient.New(Unknown Source)
	at sun.net.www.http.HttpClient.New(Unknown Source)
	at sun.net.www.protocol.http.HttpURLConnection.getNewHttpClient(Unknown Source)
	at sun.net.www.protocol.http.HttpURLConnection.plainConnect0(Unknown Source)
	at sun.net.www.protocol.http.HttpURLConnection.plainConnect(Unknown Source)
	at sun.net.www.protocol.http.HttpURLConnection.connect(Unknown Source)
	at fr.xephi.authme.service.GeoIpService$1.run(GeoIpService.java:93)
	at java.lang.Thread.run(Unknown Source)

[02-03 18:32:22]: [WARN] WARNING! The protectInventory feature requires ProtocolLib! Disabling it...
[02-03 18:32:23]: [INFO] Development builds are available on our jenkins, thanks to f14stelt.
[02-03 18:32:23]: [INFO] Do you want a good game server? Look at our sponsor GameHosting.it leader in Italy as Game Server Provider!
[02-03 18:32:23]: [INFO] AuthMe 5.4.0 build n.1877 correctly enabled!
[02-03 18:41:13]: [FINE] piska_bobra registered 82.151.125.128
[02-03 18:41:13]: [FINE] piska_bobra logged in!
[02-03 18:42:14]: [FINE] Wodjess logged in!
[02-03 19:17:26]: [FINE] Wodjess logged in!
[02-06 17:57:42]: [INFO] SQLite Setup finished
[02-06 17:57:43]: [INFO] No supported permissions system found! Permissions are disabled!
[02-06 17:57:45]: [WARN] WARNING! The protectInventory feature requires ProtocolLib! Disabling it...
[02-06 17:57:44]: [WARN] Could not download GeoLiteAPI database [UnknownHostException]: geolite.maxmind.com
[02-06 17:57:45]: java.net.UnknownHostException: geolite.maxmind.com
	at java.net.AbstractPlainSocketImpl.connect(Unknown Source)
	at java.net.PlainSocketImpl.connect(Unknown Source)
	at java.net.SocksSocketImpl.connect(Unknown Source)
	at java.net.Socket.connect(Unknown Source)
	at sun.net.NetworkClient.doConnect(Unknown Source)
	at sun.net.www.http.HttpClient.openServer(Unknown Source)
	at sun.net.www.http.HttpClient.openServer(Unknown Source)
	at sun.net.www.http.HttpClient.<init>(Unknown Source)
	at sun.net.www.http.HttpClient.New(Unknown Source)
	at sun.net.www.http.HttpClient.New(Unknown Source)
	at sun.net.www.protocol.http.HttpURLConnection.getNewHttpClient(Unknown Source)
	at sun.net.www.protocol.http.HttpURLConnection.plainConnect0(Unknown Source)
	at sun.net.www.protocol.http.HttpURLConnection.plainConnect(Unknown Source)
	at sun.net.www.protocol.http.HttpURLConnection.connect(Unknown Source)
	at fr.xephi.authme.service.GeoIpService$1.run(GeoIpService.java:93)
	at java.lang.Thread.run(Unknown Source)

[02-06 17:57:45]: [INFO] Development builds are available on our jenkins, thanks to f14stelt.
[02-06 17:57:45]: [INFO] Do you want a good game server? Look at our sponsor GameHosting.it leader in Italy as Game Server Provider!
[02-06 17:57:45]: [INFO] AuthMe 5.4.0 build n.1877 correctly enabled!
[02-06 18:05:57]: [FINE] Wodjess logged in!
[02-06 18:15:34]: [FINE] Wodjess logged in!
[02-11 17:45:09]: [INFO] SQLite Setup finished
[02-11 17:45:10]: [INFO] No supported permissions system found! Permissions are disabled!
[02-11 17:45:10]: [WARN] Could not download GeoLiteAPI database [UnknownHostException]: geolite.maxmind.com
[02-11 17:45:11]: java.net.UnknownHostException: geolite.maxmind.com
	at java.net.AbstractPlainSocketImpl.connect(Unknown Source)
	at java.net.PlainSocketImpl.connect(Unknown Source)
	at java.net.SocksSocketImpl.connect(Unknown Source)
	at java.net.Socket.connect(Unknown Source)
	at sun.net.NetworkClient.doConnect(Unknown Source)
	at sun.net.www.http.HttpClient.openServer(Unknown Source)
	at sun.net.www.http.HttpClient.openServer(Unknown Source)
	at sun.net.www.http.HttpClient.<init>(Unknown Source)
	at sun.net.www.http.HttpClient.New(Unknown Source)
	at sun.net.www.http.HttpClient.New(Unknown Source)
	at sun.net.www.protocol.http.HttpURLConnection.getNewHttpClient(Unknown Source)
	at sun.net.www.protocol.http.HttpURLConnection.plainConnect0(Unknown Source)
	at sun.net.www.protocol.http.HttpURLConnection.plainConnect(Unknown Source)
	at sun.net.www.protocol.http.HttpURLConnection.connect(Unknown Source)
	at fr.xephi.authme.service.GeoIpService$1.run(GeoIpService.java:93)
	at java.lang.Thread.run(Unknown Source)

[02-11 17:45:11]: [WARN] WARNING! The protectInventory feature requires ProtocolLib! Disabling it...
[02-11 17:45:11]: [INFO] Development builds are available on our jenkins, thanks to f14stelt.
[02-11 17:45:11]: [INFO] Do you want a good game server? Look at our sponsor GameHosting.it leader in Italy as Game Server Provider!
[02-11 17:45:11]: [INFO] AuthMe 5.4.0 build n.1877 correctly enabled!
[02-11 17:46:57]: [FINE] Wodjess logged in!
[02-11 17:47:19]: [FINE] piska_bobra logged in!
[02-11 18:10:09]: [FINE] Wodjess logged in!
[02-11 18:24:14]: [FINE] Wodjess logged in!
[02-11 18:30:37]: [FINE] Wodjess logged in!
[02-11 18:37:00]: [INFO] AuthMe 5.4.0-b1877 disabled!
[02-11 18:37:58]: [INFO] SQLite Setup finished
[02-11 18:37:59]: [INFO] No supported permissions system found! Permissions are disabled!
[02-11 18:37:59]: [WARN] Could not download GeoLiteAPI database [UnknownHostException]: geolite.maxmind.com
[02-11 18:37:59]: java.net.UnknownHostException: geolite.maxmind.com
	at java.net.AbstractPlainSocketImpl.connect(Unknown Source)
	at java.net.PlainSocketImpl.connect(Unknown Source)
	at java.net.SocksSocketImpl.connect(Unknown Source)
	at java.net.Socket.connect(Unknown Source)
	at sun.net.NetworkClient.doConnect(Unknown Source)
	at sun.net.www.http.HttpClient.openServer(Unknown Source)
	at sun.net.www.http.HttpClient.openServer(Unknown Source)
	at sun.net.www.http.HttpClient.<init>(Unknown Source)
	at sun.net.www.http.HttpClient.New(Unknown Source)
	at sun.net.www.http.HttpClient.New(Unknown Source)
	at sun.net.www.protocol.http.HttpURLConnection.getNewHttpClient(Unknown Source)
	at sun.net.www.protocol.http.HttpURLConnection.plainConnect0(Unknown Source)
	at sun.net.www.protocol.http.HttpURLConnection.plainConnect(Unknown Source)
	at sun.net.www.protocol.http.HttpURLConnection.connect(Unknown Source)
	at fr.xephi.authme.service.GeoIpService$1.run(GeoIpService.java:93)
	at java.lang.Thread.run(Unknown Source)

[02-11 18:37:59]: [WARN] WARNING! The protectInventory feature requires ProtocolLib! Disabling it...
[02-11 18:38:00]: [INFO] Development builds are available on our jenkins, thanks to f14stelt.
[02-11 18:38:00]: [INFO] Do you want a good game server? Look at our sponsor GameHosting.it leader in Italy as Game Server Provider!
[02-11 18:38:00]: [INFO] AuthMe 5.4.0 build n.1877 correctly enabled!
[02-11 18:38:32]: [FINE] Wodjess logged in!
[02-11 18:39:51]: [FINE] piska_bobra logged in!
[02-11 18:46:34]: [FINE] Wodjess logged in!
[02-11 19:17:35]: [FINE] Wodjess logged in!
[02-11 19:21:11]: [FINE] Wodjess logged in!
[02-11 19:26:56]: [FINE] Wodjess logged in!
[02-11 21:15:57]: [FINE] piska_bobra logged in!
[02-12 08:53:46]: [FINE] Wodjess logged in!
[02-12 10:46:04]: [FINE] Wodjess logged in!
[02-12 11:37:04]: [FINE] Wodjess logged in!
[02-12 11:40:45]: [FINE] Wodjess logged in!
[02-12 17:28:16]: [FINE] piska_bobra logged in!
[02-12 17:46:20]: [FINE] dashavollk registered 176.59.57.180
[02-12 17:46:20]: [FINE] dashavollk logged in!
[02-12 18:01:46]: [FINE] dashavollk logged in!
[02-12 18:06:16]: [FINE] Wodjess logged in!
[02-12 18:10:56]: [FINE] dashavollk logged in!
[02-12 18:21:39]: [FINE] dashavollk logged in!
[02-12 18:46:44]: [FINE] Wodjess logged in!
[02-12 19:13:00]: [FINE] dashavollk logged in!
[02-12 19:33:09]: [FINE] piska_bobra logged in!
[02-12 20:07:10]: [FINE] Wodjess logged in!
[02-12 20:07:36]: [FINE] piska_bobra logged in!
[02-12 21:37:45]: [FINE] piska_bobra logged in!
[02-12 21:38:00]: [FINE] Wodjess logged in!
[02-13 17:18:43]: [FINE] dashavollk logged in!
[02-13 17:23:02]: [FINE] dashavollk logged in!
[02-13 17:45:40]: [FINE] dashavollk logged in!
[02-13 17:54:57]: [INFO] AuthMe 5.4.0-b1877 disabled!
[02-13 17:56:46]: [INFO] SQLite Setup finished
[02-13 17:56:46]: [INFO] No supported permissions system found! Permissions are disabled!
[02-13 17:56:47]: [WARN] Could not download GeoLiteAPI database [UnknownHostException]: geolite.maxmind.com
[02-13 17:56:47]: java.net.UnknownHostException: geolite.maxmind.com
	at java.net.AbstractPlainSocketImpl.connect(Unknown Source)
	at java.net.PlainSocketImpl.connect(Unknown Source)
	at java.net.SocksSocketImpl.connect(Unknown Source)
	at java.net.Socket.connect(Unknown Source)
	at sun.net.NetworkClient.doConnect(Unknown Source)
	at sun.net.www.http.HttpClient.openServer(Unknown Source)
	at sun.net.www.http.HttpClient.openServer(Unknown Source)
	at sun.net.www.http.HttpClient.<init>(Unknown Source)
	at sun.net.www.http.HttpClient.New(Unknown Source)
	at sun.net.www.http.HttpClient.New(Unknown Source)
	at sun.net.www.protocol.http.HttpURLConnection.getNewHttpClient(Unknown Source)
	at sun.net.www.protocol.http.HttpURLConnection.plainConnect0(Unknown Source)
	at sun.net.www.protocol.http.HttpURLConnection.plainConnect(Unknown Source)
	at sun.net.www.protocol.http.HttpURLConnection.connect(Unknown Source)
	at fr.xephi.authme.service.GeoIpService$1.run(GeoIpService.java:93)
	at java.lang.Thread.run(Unknown Source)

[02-13 17:56:47]: [WARN] WARNING! The protectInventory feature requires ProtocolLib! Disabling it...
[02-13 17:56:48]: [INFO] Development builds are available on our jenkins, thanks to f14stelt.
[02-13 17:56:48]: [INFO] Do you want a good game server? Look at our sponsor GameHosting.it leader in Italy as Game Server Provider!
[02-13 17:56:48]: [INFO] AuthMe 5.4.0 build n.1877 correctly enabled!
[02-13 17:57:13]: [FINE] piska_bobra logged in!
[02-13 17:57:35]: [FINE] Wodjess logged in!
[02-13 18:00:03]: [FINE] piska_bobra logged in!
[02-13 18:00:04]: [FINE] lunalay registered 188.170.172.51
[02-13 18:00:04]: [FINE] lunalay logged in!
[02-13 18:02:32]: [FINE] piska_bobra logged in!
[02-13 18:03:19]: [FINE] dashavollk logged in!
[02-13 18:03:55]: [FINE] piska_bobra logged in!
[02-13 18:12:38]: [FINE] dashavollk logged in!
[02-13 18:46:05]: [FINE] dashavollk logged in!
[02-14 06:12:56]: [FINE] Wodjess logged in!
[02-14 07:07:19]: [FINE] Wodjess logged in!
[02-14 07:35:09]: [FINE] piska_bobra logged in!
[02-14 11:15:35]: [FINE] piska_bobra logged in!
[02-14 14:48:14]: [FINE] dashavollk logged in!
[02-14 15:31:45]: [FINE] dashavollk logged in!
[02-14 15:32:11]: [FINE] dashavollk logged in!
[02-14 15:36:27]: [FINE] piska_bobra logged in!
[02-14 16:21:11]: [FINE] dashavollk logged in!
[02-14 16:22:40]: [FINE] dashavollk logged in!
[02-14 19:16:34]: [FINE] piska_bobra logged in!
[02-15 06:16:31]: [FINE] Wodjess logged in!
[02-15 07:41:56]: [FINE] dashavollk logged in!
[02-15 08:07:32]: [FINE] Wodjess logged in!
[02-15 08:10:01]: [FINE] piska_bobra logged in!
[02-15 09:57:35]: [FINE] Wodjess logged in!
[02-15 10:00:13]: [FINE] Wodjess logged in!
[02-15 10:01:33]: [FINE] Wodjess logged in!
[02-15 10:05:59]: [FINE] piska_bobra used the wrong password
[02-15 10:07:13]: [FINE] piska_bobra logged in!
[02-15 10:38:42]: [FINE] Wodjess logged in!
[02-15 11:48:05]: [FINE] dashavollk logged in!
[02-15 14:01:11]: [FINE] dashavollk logged in!
[02-15 16:09:40]: [FINE] Wodjess logged in!
[02-15 18:17:30]: [FINE] Wodjess logged in!
[02-15 18:18:30]: [FINE] piska_bobra logged in!
[02-15 18:52:04]: [FINE] piska_bobra logged in!
[02-15 19:53:42]: [FINE] piska_bobra logged in!
[02-15 20:17:44]: [INFO] AuthMe 5.4.0-b1877 disabled!
[02-15 20:18:40]: [INFO] SQLite Setup finished
[02-15 20:18:40]: [INFO] No supported permissions system found! Permissions are disabled!
[02-15 20:18:41]: [WARN] Could not download GeoLiteAPI database [UnknownHostException]: geolite.maxmind.com
[02-15 20:18:41]: java.net.UnknownHostException: geolite.maxmind.com
	at java.net.AbstractPlainSocketImpl.connect(Unknown Source)
	at java.net.PlainSocketImpl.connect(Unknown Source)
	at java.net.SocksSocketImpl.connect(Unknown Source)
	at java.net.Socket.connect(Unknown Source)
	at sun.net.NetworkClient.doConnect(Unknown Source)
	at sun.net.www.http.HttpClient.openServer(Unknown Source)
	at sun.net.www.http.HttpClient.openServer(Unknown Source)
	at sun.net.www.http.HttpClient.<init>(Unknown Source)
	at sun.net.www.http.HttpClient.New(Unknown Source)
	at sun.net.www.http.HttpClient.New(Unknown Source)
	at sun.net.www.protocol.http.HttpURLConnection.getNewHttpClient(Unknown Source)
	at sun.net.www.protocol.http.HttpURLConnection.plainConnect0(Unknown Source)
	at sun.net.www.protocol.http.HttpURLConnection.plainConnect(Unknown Source)
	at sun.net.www.protocol.http.HttpURLConnection.connect(Unknown Source)
	at fr.xephi.authme.service.GeoIpService$1.run(GeoIpService.java:93)
	at java.lang.Thread.run(Unknown Source)

[02-15 20:18:41]: [WARN] WARNING! The protectInventory feature requires ProtocolLib! Disabling it...
[02-15 20:18:42]: [INFO] Development builds are available on our jenkins, thanks to f14stelt.
[02-15 20:18:42]: [INFO] Do you want a good game server? Look at our sponsor GameHosting.it leader in Italy as Game Server Provider!
[02-15 20:18:42]: [INFO] AuthMe 5.4.0 build n.1877 correctly enabled!
[02-15 20:19:27]: [FINE] Wodjess logged in!
[02-15 20:19:40]: [FINE] piska_bobra logged in!
[02-16 18:45:01]: [INFO] SQLite Setup finished
[02-16 18:45:02]: [INFO] No supported permissions system found! Permissions are disabled!
[02-16 18:45:02]: [WARN] WARNING! The protectInventory feature requires ProtocolLib! Disabling it...
[02-16 18:45:03]: [INFO] Development builds are available on our jenkins, thanks to f14stelt.
[02-16 18:45:03]: [INFO] Do you want a good game server? Look at our sponsor GameHosting.it leader in Italy as Game Server Provider!
[02-16 18:45:03]: [INFO] AuthMe 5.4.0 build n.1877 correctly enabled!
[02-16 18:45:03]: [WARN] Could not download GeoLiteAPI database [UnknownHostException]: geolite.maxmind.com
[02-16 18:45:03]: java.net.UnknownHostException: geolite.maxmind.com
	at java.net.AbstractPlainSocketImpl.connect(Unknown Source)
	at java.net.PlainSocketImpl.connect(Unknown Source)
	at java.net.SocksSocketImpl.connect(Unknown Source)
	at java.net.Socket.connect(Unknown Source)
	at sun.net.NetworkClient.doConnect(Unknown Source)
	at sun.net.www.http.HttpClient.openServer(Unknown Source)
	at sun.net.www.http.HttpClient.openServer(Unknown Source)
	at sun.net.www.http.HttpClient.<init>(Unknown Source)
	at sun.net.www.http.HttpClient.New(Unknown Source)
	at sun.net.www.http.HttpClient.New(Unknown Source)
	at sun.net.www.protocol.http.HttpURLConnection.getNewHttpClient(Unknown Source)
	at sun.net.www.protocol.http.HttpURLConnection.plainConnect0(Unknown Source)
	at sun.net.www.protocol.http.HttpURLConnection.plainConnect(Unknown Source)
	at sun.net.www.protocol.http.HttpURLConnection.connect(Unknown Source)
	at fr.xephi.authme.service.GeoIpService$1.run(GeoIpService.java:93)
	at java.lang.Thread.run(Unknown Source)

[02-16 18:45:23]: [FINE] piska_bobra logged in!
[02-16 18:49:38]: [FINE] Wodjess logged in!
[02-16 19:08:39]: [FINE] Wodjess logged in!
[02-16 19:17:01]: [FINE] Wodjess logged in!
[02-16 19:20:21]: [FINE] Wodjess logged in!
[02-16 19:22:13]: [FINE] Wodjess logged in!
[02-16 19:24:01]: [FINE] Wodjess logged in!
[02-16 19:24:51]: [FINE] piska_bobra logged in!
[02-17 19:36:10]: [FINE] Wodjess logged in!
[02-17 19:37:33]: [FINE] piska_bobra logged in!
[02-17 19:40:48]: [FINE] The user dashavollk has 2 accounts:
[02-17 19:40:48]: [FINE] §7§apiska_bobra§7, §adashavollk§7.
[02-17 19:40:48]: [FINE] dashavollk logged in!
[02-17 19:44:28]: [FINE] Wodjess logged in!
[02-17 19:44:57]: [FINE] The user dashavollk has 2 accounts:
[02-17 19:44:57]: [FINE] §7§apiska_bobra§7, §adashavollk§7.
[02-17 19:44:57]: [FINE] dashavollk logged in!
[02-17 19:45:26]: [FINE] The user piska_bobra has 2 accounts:
[02-17 19:45:26]: [FINE] §7§apiska_bobra§7, §adashavollk§7.
[02-17 19:45:26]: [FINE] piska_bobra logged in!
[02-17 19:50:26]: [FINE] Wodjess logged in!
[02-17 19:50:59]: [FINE] Wodjess logged in!
[02-17 20:01:17]: [FINE] Wodjess logged in!
[02-17 20:03:35]: [FINE] Wodjess logged in!
[02-17 20:07:00]: [INFO] AuthMe 5.4.0-b1877 disabled!
[02-17 20:07:20]: [INFO] SQLite Setup finished
[02-17 20:07:21]: [INFO] No supported permissions system found! Permissions are disabled!
[02-17 20:07:21]: [WARN] Could not download GeoLiteAPI database [UnknownHostException]: geolite.maxmind.com
[02-17 20:07:22]: [WARN] WARNING! The protectInventory feature requires ProtocolLib! Disabling it...
[02-17 20:07:22]: java.net.UnknownHostException: geolite.maxmind.com
	at java.net.AbstractPlainSocketImpl.connect(Unknown Source)
	at java.net.PlainSocketImpl.connect(Unknown Source)
	at java.net.SocksSocketImpl.connect(Unknown Source)
	at java.net.Socket.connect(Unknown Source)
	at sun.net.NetworkClient.doConnect(Unknown Source)
	at sun.net.www.http.HttpClient.openServer(Unknown Source)
	at sun.net.www.http.HttpClient.openServer(Unknown Source)
	at sun.net.www.http.HttpClient.<init>(Unknown Source)
	at sun.net.www.http.HttpClient.New(Unknown Source)
	at sun.net.www.http.HttpClient.New(Unknown Source)
	at sun.net.www.protocol.http.HttpURLConnection.getNewHttpClient(Unknown Source)
	at sun.net.www.protocol.http.HttpURLConnection.plainConnect0(Unknown Source)
	at sun.net.www.protocol.http.HttpURLConnection.plainConnect(Unknown Source)
	at sun.net.www.protocol.http.HttpURLConnection.connect(Unknown Source)
	at fr.xephi.authme.service.GeoIpService$1.run(GeoIpService.java:93)
	at java.lang.Thread.run(Unknown Source)

[02-17 20:07:22]: [INFO] Development builds are available on our jenkins, thanks to f14stelt.
[02-17 20:07:22]: [INFO] Do you want a good game server? Look at our sponsor GameHosting.it leader in Italy as Game Server Provider!
[02-17 20:07:22]: [INFO] AuthMe 5.4.0 build n.1877 correctly enabled!
[02-17 20:07:38]: [FINE] The user piska_bobra has 2 accounts:
[02-17 20:07:38]: [FINE] §7§apiska_bobra§7, §adashavollk§7.
[02-17 20:07:38]: [FINE] piska_bobra logged in!
[02-17 20:07:50]: [FINE] The user dashavollk has 2 accounts:
[02-17 20:07:50]: [FINE] §7§apiska_bobra§7, §adashavollk§7.
[02-17 20:07:50]: [FINE] dashavollk logged in!
[02-17 20:08:10]: [FINE] Wodjess logged in!
[02-17 20:11:01]: [INFO] AuthMe 5.4.0-b1877 disabled!
[02-17 20:11:22]: [INFO] SQLite Setup finished
[02-17 20:11:22]: [INFO] No supported permissions system found! Permissions are disabled!
[02-17 20:11:23]: [WARN] WARNING! The protectInventory feature requires ProtocolLib! Disabling it...
[02-17 20:11:23]: [WARN] Could not download GeoLiteAPI database [UnknownHostException]: geolite.maxmind.com
[02-17 20:11:24]: java.net.UnknownHostException: geolite.maxmind.com
	at java.net.AbstractPlainSocketImpl.connect(Unknown Source)
	at java.net.PlainSocketImpl.connect(Unknown Source)
	at java.net.SocksSocketImpl.connect(Unknown Source)
	at java.net.Socket.connect(Unknown Source)
	at sun.net.NetworkClient.doConnect(Unknown Source)
	at sun.net.www.http.HttpClient.openServer(Unknown Source)
	at sun.net.www.http.HttpClient.openServer(Unknown Source)
	at sun.net.www.http.HttpClient.<init>(Unknown Source)
	at sun.net.www.http.HttpClient.New(Unknown Source)
	at sun.net.www.http.HttpClient.New(Unknown Source)
	at sun.net.www.protocol.http.HttpURLConnection.getNewHttpClient(Unknown Source)
	at sun.net.www.protocol.http.HttpURLConnection.plainConnect0(Unknown Source)
	at sun.net.www.protocol.http.HttpURLConnection.plainConnect(Unknown Source)
	at sun.net.www.protocol.http.HttpURLConnection.connect(Unknown Source)
	at fr.xephi.authme.service.GeoIpService$1.run(GeoIpService.java:93)
	at java.lang.Thread.run(Unknown Source)

[02-17 20:11:24]: [INFO] Development builds are available on our jenkins, thanks to f14stelt.
[02-17 20:11:24]: [INFO] Do you want a good game server? Look at our sponsor GameHosting.it leader in Italy as Game Server Provider!
[02-17 20:11:24]: [INFO] AuthMe 5.4.0 build n.1877 correctly enabled!
[02-17 20:11:42]: [FINE] The user piska_bobra has 2 accounts:
[02-17 20:11:42]: [FINE] §7§apiska_bobra§7, §adashavollk§7.
[02-17 20:11:42]: [FINE] piska_bobra logged in!
[02-17 20:11:50]: [FINE] The user dashavollk has 2 accounts:
[02-17 20:11:50]: [FINE] §7§apiska_bobra§7, §adashavollk§7.
[02-17 20:11:50]: [FINE] dashavollk logged in!
[02-17 20:12:47]: [FINE] Wodjess logged in!
[02-17 20:38:49]: [FINE] Wodjess logged in!
[02-17 21:46:19]: [FINE] piska_bobra logged in!
[02-17 21:46:47]: [FINE] The user dashavollk has 2 accounts:
[02-17 21:46:47]: [FINE] §7§apiska_bobra§7, §adashavollk§7.
[02-17 21:46:47]: [FINE] dashavollk logged in!
[02-18 06:50:36]: [FINE] dashavollk logged in!
[02-18 07:01:51]: [FINE] The user piska_bobra has 2 accounts:
[02-18 07:01:51]: [FINE] §7§apiska_bobra§7, §adashavollk§7.
[02-18 07:01:51]: [FINE] piska_bobra logged in!
[02-18 09:28:30]: [FINE] The user piska_bobra has 2 accounts:
[02-18 09:28:30]: [FINE] §7§apiska_bobra§7, §adashavollk§7.
[02-18 09:28:30]: [FINE] piska_bobra logged in!
[02-18 09:28:44]: [FINE] The user dashavollk has 2 accounts:
[02-18 09:28:44]: [FINE] §7§apiska_bobra§7, §adashavollk§7.
[02-18 09:28:44]: [FINE] dashavollk logged in!
[02-18 09:36:03]: [FINE] The user dashavollk has 2 accounts:
[02-18 09:36:03]: [FINE] §7§apiska_bobra§7, §adashavollk§7.
[02-18 09:36:03]: [FINE] dashavollk logged in!
[02-18 09:39:35]: [FINE] The user dashavollk has 2 accounts:
[02-18 09:39:35]: [FINE] §7§apiska_bobra§7, §adashavollk§7.
[02-18 09:39:35]: [FINE] dashavollk logged in!
[02-18 13:12:32]: [FINE] The user piska_bobra has 2 accounts:
[02-18 13:12:32]: [FINE] §7§apiska_bobra§7, dashavollk.
[02-18 13:12:32]: [FINE] piska_bobra logged in!
[02-18 13:22:03]: [FINE] The user dashavollk has 2 accounts:
[02-18 13:22:03]: [FINE] §7§apiska_bobra§7, §adashavollk§7.
[02-18 13:22:03]: [FINE] dashavollk logged in!
[02-18 14:05:36]: [FINE] piska_bobra logged in!
[02-18 14:13:40]: [FINE] The user dashavollk has 2 accounts:
[02-18 14:13:40]: [FINE] §7§apiska_bobra§7, §adashavollk§7.
[02-18 14:13:40]: [FINE] dashavollk logged in!
[02-18 14:29:21]: [FINE] Darsik228 registered 176.59.43.35
[02-18 14:29:21]: [FINE] Darsik228 logged in!
[02-18 14:49:11]: [FINE] Darsik228 logged in!
[02-18 14:50:30]: [FINE] The user piska_bobra has 2 accounts:
[02-18 14:50:30]: [FINE] §7§apiska_bobra§7, §adashavollk§7.
[02-18 14:50:30]: [FINE] piska_bobra logged in!
[02-20 14:40:27]: [FINE] piska_bobra logged in!
[02-20 14:43:56]: [FINE] Darsik228 logged in!
[02-20 14:58:58]: [FINE] piska_bobra logged in!
[02-20 16:04:03]: [FINE] piska_bobra used the wrong password
[02-20 16:04:24]: [FINE] piska_bobra used the wrong password
[02-20 16:04:51]: [FINE] piska_bobra used the wrong password
[02-20 16:33:00]: [FINE] Darsik228 logged in!
[02-20 17:17:37]: [FINE] piska_bobra used the wrong password
[02-20 17:17:52]: [FINE] piska_bobra logged in!
[02-20 19:06:55]: [FINE] dashavollk logged in!
[02-20 19:07:30]: [FINE] lunalay used the wrong password
[02-20 19:07:49]: [FINE] lunalay logged in!
[02-20 19:10:13]: [FINE] dashavollk logged in!
[02-20 19:33:59]: [FINE] dashavollk logged in!
[02-20 19:43:38]: [FINE] dashavollk logged in!
[02-20 19:45:12]: [FINE] dashavollk logged in!
[02-20 19:50:33]: [FINE] dashavollk logged in!
[02-20 20:05:13]: [FINE] Darsik228 logged in!
[02-21 05:33:45]: [FINE] Darsik228 used the wrong password
[02-21 08:42:53]: [FINE] piska_bobra logged in!
[02-21 12:55:42]: [FINE] Darsik228 logged in!
[02-21 14:01:51]: [FINE] Wodjess logged in!
[02-21 15:03:48]: [FINE] Wodjess logged in!
[02-21 16:24:18]: [INFO] AuthMe 5.4.0-b1877 disabled!
[02-21 16:32:08]: [INFO] SQLite Setup finished
[02-21 16:32:08]: [INFO] No supported permissions system found! Permissions are disabled!
[02-21 16:32:09]: [WARN] WARNING! The protectInventory feature requires ProtocolLib! Disabling it...
[02-21 16:32:10]: [INFO] Development builds are available on our jenkins, thanks to f14stelt.
[02-21 16:32:10]: [INFO] Do you want a good game server? Look at our sponsor GameHosting.it leader in Italy as Game Server Provider!
[02-21 16:32:10]: [INFO] AuthMe 5.4.0 build n.1877 correctly enabled!
[02-21 16:32:10]: [WARN] Could not download GeoLiteAPI database [UnknownHostException]: geolite.maxmind.com
[02-21 16:32:10]: java.net.UnknownHostException: geolite.maxmind.com
	at java.net.AbstractPlainSocketImpl.connect(Unknown Source)
	at java.net.PlainSocketImpl.connect(Unknown Source)
	at java.net.SocksSocketImpl.connect(Unknown Source)
	at java.net.Socket.connect(Unknown Source)
	at sun.net.NetworkClient.doConnect(Unknown Source)
	at sun.net.www.http.HttpClient.openServer(Unknown Source)
	at sun.net.www.http.HttpClient.openServer(Unknown Source)
	at sun.net.www.http.HttpClient.<init>(Unknown Source)
	at sun.net.www.http.HttpClient.New(Unknown Source)
	at sun.net.www.http.HttpClient.New(Unknown Source)
	at sun.net.www.protocol.http.HttpURLConnection.getNewHttpClient(Unknown Source)
	at sun.net.www.protocol.http.HttpURLConnection.plainConnect0(Unknown Source)
	at sun.net.www.protocol.http.HttpURLConnection.plainConnect(Unknown Source)
	at sun.net.www.protocol.http.HttpURLConnection.connect(Unknown Source)
	at fr.xephi.authme.service.GeoIpService$1.run(GeoIpService.java:93)
	at java.lang.Thread.run(Unknown Source)

[02-21 16:33:40]: [FINE] Wodjess logged in!
[02-21 17:41:39]: [FINE] piska_bobra logged in!
[02-21 17:47:16]: [FINE] Wodjess logged in!
[02-21 17:48:43]: [FINE] piska_bobra logged in!
[02-21 17:57:24]: [FINE] Darsik228 logged in!
[02-21 18:47:02]: [FINE] Wodjess logged in!
[02-22 06:57:26]: [FINE] Darsik228 logged in!
[02-22 07:01:08]: [FINE] Wodjess logged in!
[02-22 08:17:07]: [FINE] Wodjess logged in!
[02-22 09:34:47]: [FINE] Wodjess logged in!
[02-22 11:10:01]: [FINE] Darsik228 logged in!
[02-22 12:44:13]: [FINE] Wodjess logged in!
[02-22 15:16:34]: [FINE] Wodjess logged in!
[02-23 08:41:16]: [INFO] AuthMe 5.4.0-b1877 disabled!
[02-23 08:41:44]: [INFO] SQLite Setup finished
[02-23 08:41:44]: [INFO] No supported permissions system found! Permissions are disabled!
[02-23 08:41:45]: [WARN] Could not download GeoLiteAPI database [UnknownHostException]: geolite.maxmind.com
[02-23 08:41:45]: java.net.UnknownHostException: geolite.maxmind.com
	at java.net.AbstractPlainSocketImpl.connect(Unknown Source)
	at java.net.PlainSocketImpl.connect(Unknown Source)
	at java.net.SocksSocketImpl.connect(Unknown Source)
	at java.net.Socket.connect(Unknown Source)
	at sun.net.NetworkClient.doConnect(Unknown Source)
	at sun.net.www.http.HttpClient.openServer(Unknown Source)
	at sun.net.www.http.HttpClient.openServer(Unknown Source)
	at sun.net.www.http.HttpClient.<init>(Unknown Source)
	at sun.net.www.http.HttpClient.New(Unknown Source)
	at sun.net.www.http.HttpClient.New(Unknown Source)
	at sun.net.www.protocol.http.HttpURLConnection.getNewHttpClient(Unknown Source)
	at sun.net.www.protocol.http.HttpURLConnection.plainConnect0(Unknown Source)
	at sun.net.www.protocol.http.HttpURLConnection.plainConnect(Unknown Source)
	at sun.net.www.protocol.http.HttpURLConnection.connect(Unknown Source)
	at fr.xephi.authme.service.GeoIpService$1.run(GeoIpService.java:93)
	at java.lang.Thread.run(Unknown Source)

[02-23 08:41:45]: [WARN] WARNING! The protectInventory feature requires ProtocolLib! Disabling it...
[02-23 08:41:45]: [INFO] Development builds are available on our jenkins, thanks to f14stelt.
[02-23 08:41:45]: [INFO] Do you want a good game server? Look at our sponsor GameHosting.it leader in Italy as Game Server Provider!
[02-23 08:41:45]: [INFO] AuthMe 5.4.0 build n.1877 correctly enabled!
[02-23 08:46:10]: [FINE] Wodjess logged in!
[02-23 08:53:47]: [FINE] Wodjess logged in!
[02-23 09:41:26]: [FINE] Wodjess logged in!
[02-23 09:50:33]: [FINE] Wodjess logged in!
[02-23 12:11:25]: [FINE] Wodjess logged in!
[02-23 17:52:40]: [FINE] piska_bobra logged in!
[02-23 19:47:30]: [FINE] Wodjess logged in!
[02-23 19:57:34]: [FINE] Wodjess logged in!
[02-23 20:03:02]: [FINE] Wodjess logged in!
[02-23 20:06:23]: [FINE] Wodjess logged in!
[02-23 20:18:15]: [INFO] AuthMe 5.4.0-b1877 disabled!
[02-23 20:18:42]: [INFO] SQLite Setup finished
[02-23 20:18:43]: [INFO] No supported permissions system found! Permissions are disabled!
[02-23 20:18:44]: [WARN] WARNING! The protectInventory feature requires ProtocolLib! Disabling it...
[02-23 20:18:44]: [WARN] Could not download GeoLiteAPI database [UnknownHostException]: geolite.maxmind.com
[02-23 20:18:44]: java.net.UnknownHostException: geolite.maxmind.com
	at java.net.AbstractPlainSocketImpl.connect(Unknown Source)
	at java.net.PlainSocketImpl.connect(Unknown Source)
	at java.net.SocksSocketImpl.connect(Unknown Source)
	at java.net.Socket.connect(Unknown Source)
	at sun.net.NetworkClient.doConnect(Unknown Source)
	at sun.net.www.http.HttpClient.openServer(Unknown Source)
	at sun.net.www.http.HttpClient.openServer(Unknown Source)
	at sun.net.www.http.HttpClient.<init>(Unknown Source)
	at sun.net.www.http.HttpClient.New(Unknown Source)
	at sun.net.www.http.HttpClient.New(Unknown Source)
	at sun.net.www.protocol.http.HttpURLConnection.getNewHttpClient(Unknown Source)
	at sun.net.www.protocol.http.HttpURLConnection.plainConnect0(Unknown Source)
	at sun.net.www.protocol.http.HttpURLConnection.plainConnect(Unknown Source)
	at sun.net.www.protocol.http.HttpURLConnection.connect(Unknown Source)
	at fr.xephi.authme.service.GeoIpService$1.run(GeoIpService.java:93)
	at java.lang.Thread.run(Unknown Source)

[02-23 20:18:44]: [INFO] Development builds are available on our jenkins, thanks to f14stelt.
[02-23 20:18:44]: [INFO] Do you want a good game server? Look at our sponsor GameHosting.it leader in Italy as Game Server Provider!
[02-23 20:18:44]: [INFO] AuthMe 5.4.0 build n.1877 correctly enabled!
[02-23 20:20:11]: [FINE] Wodjess logged in!
[02-24 06:17:00]: [FINE] Wodjess logged in!
[02-24 06:24:06]: [FINE] Wodjess logged in!
[02-24 06:27:48]: [FINE] Wodjess logged in!
[02-24 06:32:51]: [FINE] Wodjess logged in!
[02-24 06:37:52]: [FINE] Wodjess logged in!
[02-24 07:12:55]: [FINE] Wodjess logged in!
[02-24 07:16:09]: [FINE] Wodjess logged in!
[02-24 07:31:00]: [FINE] Wodjess logged in!
[02-24 11:32:03]: [FINE] Wodjess logged in!
[02-24 11:45:05]: [FINE] Wodjess logged in!
[02-24 11:49:41]: [FINE] Wodjess logged in!
[02-24 12:43:57]: [FINE] piska_bobra logged in!
[02-24 12:51:24]: [FINE] piska_bobra logged in!
[02-24 14:40:10]: [FINE] piska_bobra logged in!
[02-24 16:43:43]: [FINE] Wodjess logged in!
[02-24 17:51:13]: [FINE] Wodjess logged in!
[02-24 18:23:01]: [FINE] piska_bobra logged in!
[02-24 18:26:09]: [FINE] Wodjess logged in!
[02-24 18:27:52]: [INFO] AuthMe 5.4.0-b1877 disabled!
[02-24 18:28:24]: [INFO] SQLite Setup finished
[02-24 18:28:24]: [INFO] No supported permissions system found! Permissions are disabled!
[02-24 18:28:24]: [WARN] Could not download GeoLiteAPI database [UnknownHostException]: geolite.maxmind.com
[02-24 18:28:24]: java.net.UnknownHostException: geolite.maxmind.com
	at java.net.AbstractPlainSocketImpl.connect(Unknown Source)
	at java.net.PlainSocketImpl.connect(Unknown Source)
	at java.net.SocksSocketImpl.connect(Unknown Source)
	at java.net.Socket.connect(Unknown Source)
	at sun.net.NetworkClient.doConnect(Unknown Source)
	at sun.net.www.http.HttpClient.openServer(Unknown Source)
	at sun.net.www.http.HttpClient.openServer(Unknown Source)
	at sun.net.www.http.HttpClient.<init>(Unknown Source)
	at sun.net.www.http.HttpClient.New(Unknown Source)
	at sun.net.www.http.HttpClient.New(Unknown Source)
	at sun.net.www.protocol.http.HttpURLConnection.getNewHttpClient(Unknown Source)
	at sun.net.www.protocol.http.HttpURLConnection.plainConnect0(Unknown Source)
	at sun.net.www.protocol.http.HttpURLConnection.plainConnect(Unknown Source)
	at sun.net.www.protocol.http.HttpURLConnection.connect(Unknown Source)
	at fr.xephi.authme.service.GeoIpService$1.run(GeoIpService.java:93)
	at java.lang.Thread.run(Unknown Source)

[02-24 18:28:25]: [WARN] WARNING! The protectInventory feature requires ProtocolLib! Disabling it...
[02-24 18:28:25]: [INFO] Development builds are available on our jenkins, thanks to f14stelt.
[02-24 18:28:25]: [INFO] Do you want a good game server? Look at our sponsor GameHosting.it leader in Italy as Game Server Provider!
[02-24 18:28:25]: [INFO] AuthMe 5.4.0 build n.1877 correctly enabled!
[02-24 18:28:52]: [FINE] Wodjess logged in!
[02-24 18:32:28]: [FINE] piska_bobra logged in!
[02-24 18:37:12]: [FINE] piska_bobra logged in!
[02-24 18:43:33]: [FINE] piska_bobra logged in!
[02-24 18:50:28]: [INFO] AuthMe 5.4.0-b1877 disabled!
[02-24 18:52:16]: [INFO] SQLite Setup finished
[02-24 18:52:17]: [INFO] No supported permissions system found! Permissions are disabled!
[02-24 18:52:18]: [WARN] WARNING! The protectInventory feature requires ProtocolLib! Disabling it...
[02-24 18:52:18]: [WARN] Could not download GeoLiteAPI database [UnknownHostException]: geolite.maxmind.com
[02-24 18:52:18]: java.net.UnknownHostException: geolite.maxmind.com
	at java.net.AbstractPlainSocketImpl.connect(Unknown Source)
	at java.net.PlainSocketImpl.connect(Unknown Source)
	at java.net.SocksSocketImpl.connect(Unknown Source)
	at java.net.Socket.connect(Unknown Source)
	at sun.net.NetworkClient.doConnect(Unknown Source)
	at sun.net.www.http.HttpClient.openServer(Unknown Source)
	at sun.net.www.http.HttpClient.openServer(Unknown Source)
	at sun.net.www.http.HttpClient.<init>(Unknown Source)
	at sun.net.www.http.HttpClient.New(Unknown Source)
	at sun.net.www.http.HttpClient.New(Unknown Source)
	at sun.net.www.protocol.http.HttpURLConnection.getNewHttpClient(Unknown Source)
	at sun.net.www.protocol.http.HttpURLConnection.plainConnect0(Unknown Source)
	at sun.net.www.protocol.http.HttpURLConnection.plainConnect(Unknown Source)
	at sun.net.www.protocol.http.HttpURLConnection.connect(Unknown Source)
	at fr.xephi.authme.service.GeoIpService$1.run(GeoIpService.java:93)
	at java.lang.Thread.run(Unknown Source)

[02-24 18:52:18]: [INFO] Development builds are available on our jenkins, thanks to f14stelt.
[02-24 18:52:18]: [INFO] Do you want a good game server? Look at our sponsor GameHosting.it leader in Italy as Game Server Provider!
[02-24 18:52:18]: [INFO] AuthMe 5.4.0 build n.1877 correctly enabled!
[02-24 18:52:41]: [FINE] Wodjess used the wrong password
[02-24 18:52:51]: [FINE] Wodjess logged in!
[02-24 18:53:38]: [FINE] piska_bobra logged in!
[02-24 19:26:44]: [FINE] Wodjess logged in!
[02-25 07:09:35]: [FINE] Wodjess logged in!
[02-25 13:53:14]: [FINE] Wodjess logged in!
